<?xml version="1.0" encoding="UTF-8"?>
<testsuite xmlns:xsi="http://www.w3.org/2001/XMLSchema-instance" xsi:noNamespaceSchemaLocation="https://maven.apache.org/surefire/maven-surefire-plugin/xsd/surefire-test-report-3.0.xsd" version="3.0" name="com.example.demo.DemoApplicationTests" time="7.705" tests="1" errors="0" skipped="0" failures="0">
  <properties>
[...]
</properties>
  <testcase name="contextLoads" classname="com.example.demo.DemoApplicationTests" time="0.838">
    <system-out><![CDATA[15:54:26.170 [main] INFO org.springframework.test.context.support.AnnotationConfigContextLoaderUtils -- Could not detect default configuration classes for test class [com.example.demo.DemoApplicationTests]: DemoApplicationTests does not declare any static, non-private, non-final, nested classes annotated with @Configuration.
15:54:26.306 [main] INFO org.springframework.boot.test.context.SpringBootTestContextBootstrapper -- Found @SpringBootConfiguration com.example.demo.DemoApplication for test class com.example.demo.DemoApplicationTests

  .   ____          _            __ _ _
 /\\ / ___'_ __ _ _(_)_ __  __ _ \ \ \ \
( ( )\___ | '_ | '_| | '_ \/ _` | \ \ \ \
 \\/  ___)| |_)| | | | | || (_| |  ) ) ) )
  '  |____| .__|_| |_|_| |_\__, | / / / /
 =========|_|==============|___/=/_/_/_/

 :: Spring Boot ::                (v3.3.5)

2026-04-21T15:54:26.875+08:00  INFO 26468 --- [restaurant-order-system] [           main] com.example.demo.DemoApplicationTests    : Starting DemoApplicationTests using Java 17.0.11 with PID 26468 (started by zyt18 in C:\dev\aaa\demo)
2026-04-21T15:54:26.877+08:00  INFO 26468 --- [restaurant-order-system] [           main] com.example.demo.DemoApplicationTests    : The following 1 profile is active: "dev"
2026-04-21T15:54:28.751+08:00  INFO 26468 --- [restaurant-order-system] [           main] .s.d.r.c.RepositoryConfigurationDelegate : Multiple Spring Data modules found, entering strict repository configuration mode
2026-04-21T15:54:28.755+08:00  INFO 26468 --- [restaurant-order-system] [           main] .s.d.r.c.RepositoryConfigurationDelegate : Bootstrapping Spring Data Redis repositories in DEFAULT mode.
2026-04-21T15:54:28.795+08:00  INFO 26468 --- [restaurant-order-system] [           main] .s.d.r.c.RepositoryConfigurationDelegate : Finished Spring Data repository scanning in 19 ms. Found 0 Redis repository interfaces.
Logging initialized using 'class org.apache.ibatis.logging.stdout.StdOutImpl' adapter.
Get /192.168.0.158 network interface 
Get network interface info: name:wlan4 (MediaTek Wi-Fi 6E MT7922 160MHz Wireless LAN Card)
Initialization Sequence datacenterId:25 workerId:15
 _ _   |_  _ _|_. ___ _ |    _ 
| | |\/|_)(_| | |_\  |_)||_|_\ 
     /               |         
                        3.5.8 
2026-04-21T15:54:29.670+08:00  INFO 26468 --- [restaurant-order-system] [           main] com.zaxxer.hikari.HikariDataSource       : HikariPool-1 - Starting...
2026-04-21T15:54:29.927+08:00  INFO 26468 --- [restaurant-order-system] [           main] com.zaxxer.hikari.pool.HikariPool        : HikariPool-1 - Added connection com.mysql.cj.jdbc.ConnectionImpl@719c1faf
2026-04-21T15:54:29.930+08:00  INFO 26468 --- [restaurant-order-system] [           main] com.zaxxer.hikari.HikariDataSource       : HikariPool-1 - Start completed.
2026-04-21T15:54:31.326+08:00  WARN 26468 --- [restaurant-order-system] [           main] .s.s.UserDetailsServiceAutoConfiguration : 

Using generated security password: 3508971e-f455-4438-91b4-b08be3e5dc88

This generated password is for development use only. Your security configuration must be updated before running your application in production.

2026-04-21T15:54:31.338+08:00  INFO 26468 --- [restaurant-order-system] [           main] r$InitializeUserDetailsManagerConfigurer : Global AuthenticationManager configured with UserDetailsService bean with name inMemoryUserDetailsManager
2026-04-21T15:54:31.883+08:00  WARN 26468 --- [restaurant-order-system] [           main] o.s.s.c.a.web.builders.WebSecurity       : You are asking Spring Security to ignore Deferred [Mvc [pattern='/api/**'], Ant [pattern='/api/**']]. This is not recommended -- please use permitAll via HttpSecurity#authorizeHttpRequests instead.
2026-04-21T15:54:32.572+08:00  INFO 26468 --- [restaurant-order-system] [           main] o.s.m.s.b.SimpleBrokerMessageHandler     : Starting...
2026-04-21T15:54:32.572+08:00  INFO 26468 --- [restaurant-order-system] [           main] o.s.m.s.b.SimpleBrokerMessageHandler     : BrokerAvailabilityEvent[available=true, SimpleBrokerMessageHandler [org.springframework.messaging.simp.broker.DefaultSubscriptionRegistry@4a094f90]]
2026-04-21T15:54:32.573+08:00  INFO 26468 --- [restaurant-order-system] [           main] o.s.m.s.b.SimpleBrokerMessageHandler     : Started.
2026-04-21T15:54:32.583+08:00  INFO 26468 --- [restaurant-order-system] [           main] com.example.demo.DemoApplicationTests    : Started DemoApplicationTests in 6.089 seconds (process running for 7.364)
Creating a new SqlSession
SqlSession [org.apache.ibatis.session.defaults.DefaultSqlSession@233789d9] was not registered for synchronization because synchronization is not active
JDBC Connection [HikariProxyConnection@1311057965 wrapping com.mysql.cj.jdbc.ConnectionImpl@719c1faf] will not be managed by Spring
==>  Preparing: SELECT COUNT( * ) AS total FROM users WHERE (username = ?)
==> Parameters: admin(String)
<==    Columns: total
<==        Row: 1
<==      Total: 1
Closing non transactional SqlSession [org.apache.ibatis.session.defaults.DefaultSqlSession@233789d9]
Creating a new SqlSession
SqlSession [org.apache.ibatis.session.defaults.DefaultSqlSession@76eee0b1] was not registered for synchronization because synchronization is not active
JDBC Connection [HikariProxyConnection@555334025 wrapping com.mysql.cj.jdbc.ConnectionImpl@719c1faf] will not be managed by Spring
==>  Preparing: SELECT COUNT( * ) AS total FROM users WHERE (username = ?)
==> Parameters: cashier1(String)
<==    Columns: total
<==        Row: 1
<==      Total: 1
Closing non transactional SqlSession [org.apache.ibatis.session.defaults.DefaultSqlSession@76eee0b1]
Creating a new SqlSession
SqlSession [org.apache.ibatis.session.defaults.DefaultSqlSession@5d67bf4d] was not registered for synchronization because synchronization is not active
JDBC Connection [HikariProxyConnection@836665497 wrapping com.mysql.cj.jdbc.ConnectionImpl@719c1faf] will not be managed by Spring
==>  Preparing: SELECT COUNT( * ) AS total FROM users WHERE (username = ?)
==> Parameters: kitchen1(String)
<==    Columns: total
<==        Row: 1
<==      Total: 1
Closing non transactional SqlSession [org.apache.ibatis.session.defaults.DefaultSqlSession@5d67bf4d]
]]></system-out>
  </testcase>
</testsuite>